<?xml version="1.0" encoding="UTF-8"?>
<coverage generated="1599808827705" clover="3.2.0">
  <project timestamp="1599808827705" name="All files">
    <metrics statements="24" coveredstatements="16" conditionals="14" coveredconditionals="5" methods="1" coveredmethods="1" elements="39" coveredelements="22" complexity="0" loc="24" ncloc="24" packages="1" files="1" classes="1"/>
    <file name="magicalWord.js" path="/home/sudarshana/Documents/suduWorkspace/Learn/lodash/magicalWord.js">
      <metrics statements="24" coveredstatements="16" conditionals="14" coveredconditionals="5" methods="1" coveredmethods="1"/>
      <line num="5" count="2" type="stmt"/>
      <line num="6" count="2" type="stmt"/>
      <line num="8" count="2" type="stmt"/>
      <line num="9" count="3" type="stmt"/>
      <line num="10" count="3" type="cond" truecount="1" falsecount="1"/>
      <line num="11" count="0" type="stmt"/>
      <line num="12" count="3" type="cond" truecount="1" falsecount="1"/>
      <line num="13" count="0" type="stmt"/>
      <line num="14" count="0" type="stmt"/>
      <line num="15" count="0" type="cond" truecount="0" falsecount="4"/>
      <line num="16" count="0" type="stmt"/>
      <line num="17" count="0" type="cond" truecount="0" falsecount="2"/>
      <line num="18" count="0" type="stmt"/>
      <line num="21" count="3" type="stmt"/>
      <line num="22" count="3" type="stmt"/>
      <line num="23" count="3" type="cond" truecount="1" falsecount="1"/>
      <line num="24" count="0" type="stmt"/>
      <line num="25" count="3" type="cond" truecount="2" falsecount="0"/>
      <line num="26" count="2" type="stmt"/>
      <line num="28" count="1" type="stmt"/>
      <line num="32" count="1" type="stmt"/>
      <line num="35" count="1" type="stmt"/>
      <line num="37" count="1" type="stmt"/>
      <line num="38" count="1" type="stmt"/>
    </file>
  </project>
</coverage>
