{"/home/sudarshana/Documents/suduWorkspace/Learn/lodash/denomination.js": {"path":"/home/sudarshana/Documents/suduWorkspace/Learn/lodash/denomination.js","statementMap":{"0":{"start":{"line":1,"column":12},"end":{"line":1,"column":50}},"1":{"start":{"line":2,"column":13},"end":{"line":2,"column":17}},"2":{"start":{"line":4,"column":19},"end":{"line":4,"column":20}},"3":{"start":{"line":5,"column":2},"end":{"line":13,"column":3}},"4":{"start":{"line":6,"column":4},"end":{"line":12,"column":5}},"5":{"start":{"line":7,"column":25},"end":{"line":7,"column":45}},"6":{"start":{"line":8,"column":6},"end":{"line":8,"column":33}},"7":{"start":{"line":9,"column":6},"end":{"line":9,"column":43}},"8":{"start":{"line":10,"column":6},"end":{"line":11,"column":14}},"9":{"start":{"line":11,"column":8},"end":{"line":11,"column":14}},"10":{"start":{"line":14,"column":2},"end":{"line":15,"column":14}},"11":{"start":{"line":15,"column":4},"end":{"line":15,"column":14}},"12":{"start":{"line":16,"column":2},"end":{"line":16,"column":20}},"13":{"start":{"line":19,"column":0},"end":{"line":19,"column":34}}},"fnMap":{"0":{"name":"denomination","decl":{"start":{"line":3,"column":9},"end":{"line":3,"column":21}},"loc":{"start":{"line":3,"column":37},"end":{"line":17,"column":1}},"line":3}},"branchMap":{"0":{"loc":{"start":{"line":6,"column":4},"end":{"line":12,"column":5}},"type":"if","locations":[{"start":{"line":6,"column":4},"end":{"line":12,"column":5}},{"start":{"line":6,"column":4},"end":{"line":12,"column":5}}],"line":6},"1":{"loc":{"start":{"line":10,"column":6},"end":{"line":11,"column":14}},"type":"if","locations":[{"start":{"line":10,"column":6},"end":{"line":11,"column":14}},{"start":{"line":10,"column":6},"end":{"line":11,"column":14}}],"line":10},"2":{"loc":{"start":{"line":14,"column":2},"end":{"line":15,"column":14}},"type":"if","locations":[{"start":{"line":14,"column":2},"end":{"line":15,"column":14}},{"start":{"line":14,"column":2},"end":{"line":15,"column":14}}],"line":14}},"s":{"0":1,"1":1,"2":3,"3":3,"4":19,"5":6,"6":6,"7":6,"8":6,"9":2,"10":3,"11":1,"12":2,"13":1},"f":{"0":3},"b":{"0":[6,13],"1":[2,4],"2":[1,2]},"_coverageSchema":"1a1c01bbd47fc00a2c39e90264f33305004495a9","hash":"97ff7985624feeec47c07ca939f48feba3e6efff"}
}
