{"/home/sudarshana/Documents/suduWorkspace/lodash/lodashFunc.js": {"path":"/home/sudarshana/Documents/suduWorkspace/lodash/lodashFunc.js","statementMap":{"0":{"start":{"line":1,"column":14},"end":{"line":14,"column":1}},"1":{"start":{"line":2,"column":14},"end":{"line":2,"column":16}},"2":{"start":{"line":3,"column":14},"end":{"line":3,"column":15}},"3":{"start":{"line":4,"column":2},"end":{"line":6,"column":3}},"4":{"start":{"line":5,"column":4},"end":{"line":5,"column":24}},"5":{"start":{"line":8,"column":2},"end":{"line":11,"column":3}},"6":{"start":{"line":9,"column":4},"end":{"line":9,"column":50}},"7":{"start":{"line":10,"column":4},"end":{"line":10,"column":23}},"8":{"start":{"line":13,"column":2},"end":{"line":13,"column":13}},"9":{"start":{"line":17,"column":16},"end":{"line":21,"column":1}},"10":{"start":{"line":18,"column":12},"end":{"line":18,"column":14}},"11":{"start":{"line":19,"column":2},"end":{"line":19,"column":125}},"12":{"start":{"line":19,"column":30},"end":{"line":19,"column":122}},"13":{"start":{"line":20,"column":2},"end":{"line":20,"column":13}},"14":{"start":{"line":23,"column":15},"end":{"line":29,"column":1}},"15":{"start":{"line":24,"column":14},"end":{"line":24,"column":16}},"16":{"start":{"line":25,"column":2},"end":{"line":27,"column":3}},"17":{"start":{"line":26,"column":4},"end":{"line":26,"column":92}},"18":{"start":{"line":28,"column":2},"end":{"line":28,"column":13}},"19":{"start":{"line":31,"column":19},"end":{"line":56,"column":1}},"20":{"start":{"line":32,"column":14},"end":{"line":36,"column":8}},"21":{"start":{"line":33,"column":4},"end":{"line":34,"column":31}},"22":{"start":{"line":33,"column":19},"end":{"line":33,"column":32}},"23":{"start":{"line":34,"column":9},"end":{"line":34,"column":31}},"24":{"start":{"line":35,"column":4},"end":{"line":35,"column":15}},"25":{"start":{"line":38,"column":14},"end":{"line":38,"column":16}},"26":{"start":{"line":39,"column":2},"end":{"line":43,"column":3}},"27":{"start":{"line":40,"column":4},"end":{"line":42,"column":5}},"28":{"start":{"line":41,"column":6},"end":{"line":41,"column":20}},"29":{"start":{"line":44,"column":2},"end":{"line":54,"column":3}},"30":{"start":{"line":45,"column":16},"end":{"line":45,"column":17}},"31":{"start":{"line":46,"column":4},"end":{"line":53,"column":5}},"32":{"start":{"line":47,"column":6},"end":{"line":50,"column":7}},"33":{"start":{"line":48,"column":8},"end":{"line":48,"column":30}},"34":{"start":{"line":49,"column":8},"end":{"line":49,"column":16}},"35":{"start":{"line":52,"column":6},"end":{"line":52,"column":28}},"36":{"start":{"line":55,"column":2},"end":{"line":55,"column":13}},"37":{"start":{"line":58,"column":13},"end":{"line":61,"column":1}},"38":{"start":{"line":59,"column":2},"end":{"line":59,"column":19}},"39":{"start":{"line":60,"column":2},"end":{"line":60,"column":13}},"40":{"start":{"line":63,"column":18},"end":{"line":66,"column":1}},"41":{"start":{"line":64,"column":2},"end":{"line":64,"column":29}},"42":{"start":{"line":65,"column":2},"end":{"line":65,"column":23}},"43":{"start":{"line":68,"column":13},"end":{"line":75,"column":1}},"44":{"start":{"line":69,"column":14},"end":{"line":69,"column":19}},"45":{"start":{"line":70,"column":2},"end":{"line":73,"column":3}},"46":{"start":{"line":71,"column":4},"end":{"line":71,"column":25}},"47":{"start":{"line":72,"column":4},"end":{"line":72,"column":12}},"48":{"start":{"line":74,"column":2},"end":{"line":74,"column":13}},"49":{"start":{"line":77,"column":13},"end":{"line":99,"column":1}},"50":{"start":{"line":78,"column":2},"end":{"line":98,"column":3}},"51":{"start":{"line":79,"column":4},"end":{"line":97,"column":5}},"52":{"start":{"line":80,"column":6},"end":{"line":82,"column":7}},"53":{"start":{"line":81,"column":8},"end":{"line":81,"column":17}},"54":{"start":{"line":83,"column":11},"end":{"line":97,"column":5}},"55":{"start":{"line":84,"column":6},"end":{"line":86,"column":7}},"56":{"start":{"line":85,"column":8},"end":{"line":85,"column":17}},"57":{"start":{"line":87,"column":11},"end":{"line":97,"column":5}},"58":{"start":{"line":88,"column":6},"end":{"line":92,"column":7}},"59":{"start":{"line":89,"column":8},"end":{"line":89,"column":30}},"60":{"start":{"line":89,"column":21},"end":{"line":89,"column":30}},"61":{"start":{"line":90,"column":13},"end":{"line":92,"column":7}},"62":{"start":{"line":91,"column":8},"end":{"line":91,"column":17}},"63":{"start":{"line":93,"column":11},"end":{"line":97,"column":5}},"64":{"start":{"line":94,"column":6},"end":{"line":96,"column":7}},"65":{"start":{"line":95,"column":8},"end":{"line":95,"column":17}},"66":{"start":{"line":101,"column":18},"end":{"line":119,"column":1}},"67":{"start":{"line":102,"column":2},"end":{"line":118,"column":3}},"68":{"start":{"line":102,"column":15},"end":{"line":102,"column":16}},"69":{"start":{"line":103,"column":4},"end":{"line":117,"column":21}},"70":{"start":{"line":104,"column":6},"end":{"line":106,"column":7}},"71":{"start":{"line":105,"column":8},"end":{"line":105,"column":17}},"72":{"start":{"line":107,"column":11},"end":{"line":117,"column":21}},"73":{"start":{"line":108,"column":6},"end":{"line":108,"column":58}},"74":{"start":{"line":108,"column":49},"end":{"line":108,"column":58}},"75":{"start":{"line":109,"column":11},"end":{"line":117,"column":21}},"76":{"start":{"line":110,"column":6},"end":{"line":112,"column":43}},"77":{"start":{"line":111,"column":8},"end":{"line":111,"column":35}},"78":{"start":{"line":111,"column":26},"end":{"line":111,"column":35}},"79":{"start":{"line":112,"column":13},"end":{"line":112,"column":43}},"80":{"start":{"line":112,"column":34},"end":{"line":112,"column":43}},"81":{"start":{"line":113,"column":11},"end":{"line":117,"column":21}},"82":{"start":{"line":114,"column":6},"end":{"line":116,"column":7}},"83":{"start":{"line":115,"column":8},"end":{"line":115,"column":17}},"84":{"start":{"line":117,"column":11},"end":{"line":117,"column":21}},"85":{"start":{"line":121,"column":13},"end":{"line":127,"column":1}},"86":{"start":{"line":122,"column":12},"end":{"line":122,"column":14}},"87":{"start":{"line":123,"column":2},"end":{"line":125,"column":3}},"88":{"start":{"line":124,"column":4},"end":{"line":124,"column":30}},"89":{"start":{"line":126,"column":2},"end":{"line":126,"column":13}},"90":{"start":{"line":129,"column":16},"end":{"line":135,"column":1}},"91":{"start":{"line":130,"column":14},"end":{"line":130,"column":16}},"92":{"start":{"line":131,"column":2},"end":{"line":133,"column":3}},"93":{"start":{"line":131,"column":15},"end":{"line":131,"column":29}},"94":{"start":{"line":132,"column":4},"end":{"line":132,"column":21}},"95":{"start":{"line":134,"column":2},"end":{"line":134,"column":13}},"96":{"start":{"line":137,"column":13},"end":{"line":139,"column":1}},"97":{"start":{"line":138,"column":2},"end":{"line":138,"column":25}},"98":{"start":{"line":141,"column":16},"end":{"line":154,"column":1}},"99":{"start":{"line":142,"column":2},"end":{"line":142,"column":22}},"100":{"start":{"line":143,"column":2},"end":{"line":143,"column":21}},"101":{"start":{"line":144,"column":2},"end":{"line":148,"column":3}},"102":{"start":{"line":144,"column":15},"end":{"line":144,"column":16}},"103":{"start":{"line":145,"column":4},"end":{"line":147,"column":5}},"104":{"start":{"line":146,"column":6},"end":{"line":146,"column":28}},"105":{"start":{"line":149,"column":14},"end":{"line":149,"column":16}},"106":{"start":{"line":150,"column":2},"end":{"line":152,"column":3}},"107":{"start":{"line":151,"column":4},"end":{"line":151,"column":19}},"108":{"start":{"line":153,"column":2},"end":{"line":153,"column":13}},"109":{"start":{"line":156,"column":13},"end":{"line":163,"column":1}},"110":{"start":{"line":157,"column":2},"end":{"line":157,"column":21}},"111":{"start":{"line":158,"column":14},"end":{"line":158,"column":16}},"112":{"start":{"line":159,"column":2},"end":{"line":161,"column":3}},"113":{"start":{"line":160,"column":4},"end":{"line":160,"column":19}},"114":{"start":{"line":162,"column":2},"end":{"line":162,"column":13}},"115":{"start":{"line":165,"column":16},"end":{"line":175,"column":1}},"116":{"start":{"line":166,"column":14},"end":{"line":166,"column":16}},"117":{"start":{"line":167,"column":2},"end":{"line":173,"column":3}},"118":{"start":{"line":168,"column":4},"end":{"line":172,"column":5}},"119":{"start":{"line":169,"column":6},"end":{"line":169,"column":21}},"120":{"start":{"line":171,"column":6},"end":{"line":171,"column":18}},"121":{"start":{"line":174,"column":2},"end":{"line":174,"column":13}},"122":{"start":{"line":177,"column":20},"end":{"line":188,"column":1}},"123":{"start":{"line":178,"column":14},"end":{"line":178,"column":16}},"124":{"start":{"line":179,"column":2},"end":{"line":186,"column":3}},"125":{"start":{"line":180,"column":4},"end":{"line":185,"column":5}},"126":{"start":{"line":181,"column":18},"end":{"line":181,"column":32}},"127":{"start":{"line":182,"column":6},"end":{"line":182,"column":23}},"128":{"start":{"line":184,"column":6},"end":{"line":184,"column":18}},"129":{"start":{"line":187,"column":2},"end":{"line":187,"column":13}},"130":{"start":{"line":190,"column":21},"end":{"line":205,"column":1}},"131":{"start":{"line":191,"column":14},"end":{"line":191,"column":16}},"132":{"start":{"line":192,"column":2},"end":{"line":203,"column":3}},"133":{"start":{"line":193,"column":4},"end":{"line":202,"column":5}},"134":{"start":{"line":194,"column":6},"end":{"line":199,"column":7}},"135":{"start":{"line":195,"column":20},"end":{"line":195,"column":48}},"136":{"start":{"line":196,"column":8},"end":{"line":196,"column":25}},"137":{"start":{"line":198,"column":8},"end":{"line":198,"column":39}},"138":{"start":{"line":198,"column":27},"end":{"line":198,"column":39}},"139":{"start":{"line":201,"column":6},"end":{"line":201,"column":18}},"140":{"start":{"line":204,"column":2},"end":{"line":204,"column":13}},"141":{"start":{"line":207,"column":16},"end":{"line":219,"column":1}},"142":{"start":{"line":208,"column":13},"end":{"line":208,"column":44}},"143":{"start":{"line":209,"column":18},"end":{"line":209,"column":42}},"144":{"start":{"line":211,"column":2},"end":{"line":211,"column":56}},"145":{"start":{"line":212,"column":2},"end":{"line":212,"column":19}},"146":{"start":{"line":213,"column":12},"end":{"line":213,"column":14}},"147":{"start":{"line":214,"column":2},"end":{"line":217,"column":3}},"148":{"start":{"line":214,"column":15},"end":{"line":214,"column":16}},"149":{"start":{"line":215,"column":15},"end":{"line":215,"column":39}},"150":{"start":{"line":215,"column":34},"end":{"line":215,"column":38}},"151":{"start":{"line":216,"column":4},"end":{"line":216,"column":28}},"152":{"start":{"line":218,"column":2},"end":{"line":218,"column":13}},"153":{"start":{"line":221,"column":0},"end":{"line":225,"column":1}}},"fnMap":{"0":{"name":"(anonymous_0)","decl":{"start":{"line":1,"column":14},"end":{"line":1,"column":15}},"loc":{"start":{"line":1,"column":44},"end":{"line":14,"column":1}},"line":1},"1":{"name":"(anonymous_1)","decl":{"start":{"line":17,"column":16},"end":{"line":17,"column":17}},"loc":{"start":{"line":17,"column":28},"end":{"line":21,"column":1}},"line":17},"2":{"name":"(anonymous_2)","decl":{"start":{"line":19,"column":20},"end":{"line":19,"column":21}},"loc":{"start":{"line":19,"column":30},"end":{"line":19,"column":122}},"line":19},"3":{"name":"(anonymous_3)","decl":{"start":{"line":23,"column":15},"end":{"line":23,"column":16}},"loc":{"start":{"line":23,"column":27},"end":{"line":29,"column":1}},"line":23},"4":{"name":"(anonymous_4)","decl":{"start":{"line":31,"column":19},"end":{"line":31,"column":20}},"loc":{"start":{"line":31,"column":31},"end":{"line":56,"column":1}},"line":31},"5":{"name":"(anonymous_5)","decl":{"start":{"line":32,"column":34},"end":{"line":32,"column":35}},"loc":{"start":{"line":32,"column":48},"end":{"line":36,"column":3}},"line":32},"6":{"name":"(anonymous_6)","decl":{"start":{"line":58,"column":13},"end":{"line":58,"column":14}},"loc":{"start":{"line":58,"column":35},"end":{"line":61,"column":1}},"line":58},"7":{"name":"(anonymous_7)","decl":{"start":{"line":63,"column":18},"end":{"line":63,"column":19}},"loc":{"start":{"line":63,"column":40},"end":{"line":66,"column":1}},"line":63},"8":{"name":"(anonymous_8)","decl":{"start":{"line":68,"column":13},"end":{"line":68,"column":14}},"loc":{"start":{"line":68,"column":66},"end":{"line":75,"column":1}},"line":68},"9":{"name":"(anonymous_9)","decl":{"start":{"line":77,"column":13},"end":{"line":77,"column":14}},"loc":{"start":{"line":77,"column":34},"end":{"line":99,"column":1}},"line":77},"10":{"name":"(anonymous_10)","decl":{"start":{"line":101,"column":18},"end":{"line":101,"column":19}},"loc":{"start":{"line":101,"column":39},"end":{"line":119,"column":1}},"line":101},"11":{"name":"(anonymous_11)","decl":{"start":{"line":121,"column":13},"end":{"line":121,"column":14}},"loc":{"start":{"line":121,"column":39},"end":{"line":127,"column":1}},"line":121},"12":{"name":"(anonymous_12)","decl":{"start":{"line":129,"column":16},"end":{"line":129,"column":17}},"loc":{"start":{"line":129,"column":31},"end":{"line":135,"column":1}},"line":129},"13":{"name":"(anonymous_13)","decl":{"start":{"line":137,"column":13},"end":{"line":137,"column":14}},"loc":{"start":{"line":137,"column":35},"end":{"line":139,"column":1}},"line":137},"14":{"name":"(anonymous_14)","decl":{"start":{"line":141,"column":16},"end":{"line":141,"column":17}},"loc":{"start":{"line":141,"column":39},"end":{"line":154,"column":1}},"line":141},"15":{"name":"(anonymous_15)","decl":{"start":{"line":156,"column":13},"end":{"line":156,"column":14}},"loc":{"start":{"line":156,"column":28},"end":{"line":163,"column":1}},"line":156},"16":{"name":"(anonymous_16)","decl":{"start":{"line":165,"column":16},"end":{"line":165,"column":17}},"loc":{"start":{"line":165,"column":31},"end":{"line":175,"column":1}},"line":165},"17":{"name":"(anonymous_17)","decl":{"start":{"line":177,"column":20},"end":{"line":177,"column":21}},"loc":{"start":{"line":177,"column":35},"end":{"line":188,"column":1}},"line":177},"18":{"name":"(anonymous_18)","decl":{"start":{"line":190,"column":21},"end":{"line":190,"column":22}},"loc":{"start":{"line":190,"column":43},"end":{"line":205,"column":1}},"line":190},"19":{"name":"(anonymous_19)","decl":{"start":{"line":207,"column":16},"end":{"line":207,"column":17}},"loc":{"start":{"line":207,"column":28},"end":{"line":219,"column":1}},"line":207},"20":{"name":"(anonymous_20)","decl":{"start":{"line":215,"column":29},"end":{"line":215,"column":30}},"loc":{"start":{"line":215,"column":34},"end":{"line":215,"column":38}},"line":215}},"branchMap":{"0":{"loc":{"start":{"line":1,"column":29},"end":{"line":1,"column":42}},"type":"default-arg","locations":[{"start":{"line":1,"column":41},"end":{"line":1,"column":42}}],"line":1},"1":{"loc":{"start":{"line":4,"column":2},"end":{"line":6,"column":3}},"type":"if","locations":[{"start":{"line":4,"column":2},"end":{"line":6,"column":3}},{"start":{"line":4,"column":2},"end":{"line":6,"column":3}}],"line":4},"2":{"loc":{"start":{"line":8,"column":9},"end":{"line":8,"column":79}},"type":"binary-expr","locations":[{"start":{"line":8,"column":9},"end":{"line":8,"column":27}},{"start":{"line":8,"column":31},"end":{"line":8,"column":46}},{"start":{"line":8,"column":50},"end":{"line":8,"column":79}}],"line":8},"3":{"loc":{"start":{"line":19,"column":30},"end":{"line":19,"column":122}},"type":"binary-expr","locations":[{"start":{"line":19,"column":30},"end":{"line":19,"column":43}},{"start":{"line":19,"column":47},"end":{"line":19,"column":59}},{"start":{"line":19,"column":63},"end":{"line":19,"column":72}},{"start":{"line":19,"column":76},"end":{"line":19,"column":86}},{"start":{"line":19,"column":90},"end":{"line":19,"column":107}},{"start":{"line":19,"column":111},"end":{"line":19,"column":122}}],"line":19},"4":{"loc":{"start":{"line":26,"column":4},"end":{"line":26,"column":91}},"type":"cond-expr","locations":[{"start":{"line":26,"column":63},"end":{"line":26,"column":77}},{"start":{"line":26,"column":80},"end":{"line":26,"column":91}}],"line":26},"5":{"loc":{"start":{"line":33,"column":4},"end":{"line":34,"column":31}},"type":"if","locations":[{"start":{"line":33,"column":4},"end":{"line":34,"column":31}},{"start":{"line":33,"column":4},"end":{"line":34,"column":31}}],"line":33},"6":{"loc":{"start":{"line":40,"column":4},"end":{"line":42,"column":5}},"type":"if","locations":[{"start":{"line":40,"column":4},"end":{"line":42,"column":5}},{"start":{"line":40,"column":4},"end":{"line":42,"column":5}}],"line":40},"7":{"loc":{"start":{"line":46,"column":4},"end":{"line":53,"column":5}},"type":"if","locations":[{"start":{"line":46,"column":4},"end":{"line":53,"column":5}},{"start":{"line":46,"column":4},"end":{"line":53,"column":5}}],"line":46},"8":{"loc":{"start":{"line":58,"column":28},"end":{"line":58,"column":33}},"type":"default-arg","locations":[{"start":{"line":58,"column":32},"end":{"line":58,"column":33}}],"line":58},"9":{"loc":{"start":{"line":63,"column":33},"end":{"line":63,"column":38}},"type":"default-arg","locations":[{"start":{"line":63,"column":37},"end":{"line":63,"column":38}}],"line":63},"10":{"loc":{"start":{"line":68,"column":37},"end":{"line":68,"column":46}},"type":"default-arg","locations":[{"start":{"line":68,"column":45},"end":{"line":68,"column":46}}],"line":68},"11":{"loc":{"start":{"line":68,"column":48},"end":{"line":68,"column":64}},"type":"default-arg","locations":[{"start":{"line":68,"column":54},"end":{"line":68,"column":64}}],"line":68},"12":{"loc":{"start":{"line":79,"column":4},"end":{"line":97,"column":5}},"type":"if","locations":[{"start":{"line":79,"column":4},"end":{"line":97,"column":5}},{"start":{"line":79,"column":4},"end":{"line":97,"column":5}}],"line":79},"13":{"loc":{"start":{"line":80,"column":6},"end":{"line":82,"column":7}},"type":"if","locations":[{"start":{"line":80,"column":6},"end":{"line":82,"column":7}},{"start":{"line":80,"column":6},"end":{"line":82,"column":7}}],"line":80},"14":{"loc":{"start":{"line":83,"column":11},"end":{"line":97,"column":5}},"type":"if","locations":[{"start":{"line":83,"column":11},"end":{"line":97,"column":5}},{"start":{"line":83,"column":11},"end":{"line":97,"column":5}}],"line":83},"15":{"loc":{"start":{"line":84,"column":6},"end":{"line":86,"column":7}},"type":"if","locations":[{"start":{"line":84,"column":6},"end":{"line":86,"column":7}},{"start":{"line":84,"column":6},"end":{"line":86,"column":7}}],"line":84},"16":{"loc":{"start":{"line":87,"column":11},"end":{"line":97,"column":5}},"type":"if","locations":[{"start":{"line":87,"column":11},"end":{"line":97,"column":5}},{"start":{"line":87,"column":11},"end":{"line":97,"column":5}}],"line":87},"17":{"loc":{"start":{"line":87,"column":15},"end":{"line":87,"column":67}},"type":"binary-expr","locations":[{"start":{"line":87,"column":15},"end":{"line":87,"column":39}},{"start":{"line":87,"column":43},"end":{"line":87,"column":67}}],"line":87},"18":{"loc":{"start":{"line":88,"column":6},"end":{"line":92,"column":7}},"type":"if","locations":[{"start":{"line":88,"column":6},"end":{"line":92,"column":7}},{"start":{"line":88,"column":6},"end":{"line":92,"column":7}}],"line":88},"19":{"loc":{"start":{"line":89,"column":8},"end":{"line":89,"column":30}},"type":"if","locations":[{"start":{"line":89,"column":8},"end":{"line":89,"column":30}},{"start":{"line":89,"column":8},"end":{"line":89,"column":30}}],"line":89},"20":{"loc":{"start":{"line":90,"column":13},"end":{"line":92,"column":7}},"type":"if","locations":[{"start":{"line":90,"column":13},"end":{"line":92,"column":7}},{"start":{"line":90,"column":13},"end":{"line":92,"column":7}}],"line":90},"21":{"loc":{"start":{"line":93,"column":11},"end":{"line":97,"column":5}},"type":"if","locations":[{"start":{"line":93,"column":11},"end":{"line":97,"column":5}},{"start":{"line":93,"column":11},"end":{"line":97,"column":5}}],"line":93},"22":{"loc":{"start":{"line":94,"column":6},"end":{"line":96,"column":7}},"type":"if","locations":[{"start":{"line":94,"column":6},"end":{"line":96,"column":7}},{"start":{"line":94,"column":6},"end":{"line":96,"column":7}}],"line":94},"23":{"loc":{"start":{"line":103,"column":4},"end":{"line":117,"column":21}},"type":"if","locations":[{"start":{"line":103,"column":4},"end":{"line":117,"column":21}},{"start":{"line":103,"column":4},"end":{"line":117,"column":21}}],"line":103},"24":{"loc":{"start":{"line":104,"column":6},"end":{"line":106,"column":7}},"type":"if","locations":[{"start":{"line":104,"column":6},"end":{"line":106,"column":7}},{"start":{"line":104,"column":6},"end":{"line":106,"column":7}}],"line":104},"25":{"loc":{"start":{"line":107,"column":11},"end":{"line":117,"column":21}},"type":"if","locations":[{"start":{"line":107,"column":11},"end":{"line":117,"column":21}},{"start":{"line":107,"column":11},"end":{"line":117,"column":21}}],"line":107},"26":{"loc":{"start":{"line":108,"column":6},"end":{"line":108,"column":58}},"type":"if","locations":[{"start":{"line":108,"column":6},"end":{"line":108,"column":58}},{"start":{"line":108,"column":6},"end":{"line":108,"column":58}}],"line":108},"27":{"loc":{"start":{"line":109,"column":11},"end":{"line":117,"column":21}},"type":"if","locations":[{"start":{"line":109,"column":11},"end":{"line":117,"column":21}},{"start":{"line":109,"column":11},"end":{"line":117,"column":21}}],"line":109},"28":{"loc":{"start":{"line":109,"column":15},"end":{"line":109,"column":67}},"type":"binary-expr","locations":[{"start":{"line":109,"column":15},"end":{"line":109,"column":39}},{"start":{"line":109,"column":43},"end":{"line":109,"column":67}}],"line":109},"29":{"loc":{"start":{"line":110,"column":6},"end":{"line":112,"column":43}},"type":"if","locations":[{"start":{"line":110,"column":6},"end":{"line":112,"column":43}},{"start":{"line":110,"column":6},"end":{"line":112,"column":43}}],"line":110},"30":{"loc":{"start":{"line":111,"column":8},"end":{"line":111,"column":35}},"type":"if","locations":[{"start":{"line":111,"column":8},"end":{"line":111,"column":35}},{"start":{"line":111,"column":8},"end":{"line":111,"column":35}}],"line":111},"31":{"loc":{"start":{"line":112,"column":13},"end":{"line":112,"column":43}},"type":"if","locations":[{"start":{"line":112,"column":13},"end":{"line":112,"column":43}},{"start":{"line":112,"column":13},"end":{"line":112,"column":43}}],"line":112},"32":{"loc":{"start":{"line":113,"column":11},"end":{"line":117,"column":21}},"type":"if","locations":[{"start":{"line":113,"column":11},"end":{"line":117,"column":21}},{"start":{"line":113,"column":11},"end":{"line":117,"column":21}}],"line":113},"33":{"loc":{"start":{"line":114,"column":6},"end":{"line":116,"column":7}},"type":"if","locations":[{"start":{"line":114,"column":6},"end":{"line":116,"column":7}},{"start":{"line":114,"column":6},"end":{"line":116,"column":7}}],"line":114},"34":{"loc":{"start":{"line":137,"column":28},"end":{"line":137,"column":33}},"type":"default-arg","locations":[{"start":{"line":137,"column":32},"end":{"line":137,"column":33}}],"line":137},"35":{"loc":{"start":{"line":145,"column":4},"end":{"line":147,"column":5}},"type":"if","locations":[{"start":{"line":145,"column":4},"end":{"line":147,"column":5}},{"start":{"line":145,"column":4},"end":{"line":147,"column":5}}],"line":145},"36":{"loc":{"start":{"line":168,"column":4},"end":{"line":172,"column":5}},"type":"if","locations":[{"start":{"line":168,"column":4},"end":{"line":172,"column":5}},{"start":{"line":168,"column":4},"end":{"line":172,"column":5}}],"line":168},"37":{"loc":{"start":{"line":180,"column":4},"end":{"line":185,"column":5}},"type":"if","locations":[{"start":{"line":180,"column":4},"end":{"line":185,"column":5}},{"start":{"line":180,"column":4},"end":{"line":185,"column":5}}],"line":180},"38":{"loc":{"start":{"line":193,"column":4},"end":{"line":202,"column":5}},"type":"if","locations":[{"start":{"line":193,"column":4},"end":{"line":202,"column":5}},{"start":{"line":193,"column":4},"end":{"line":202,"column":5}}],"line":193},"39":{"loc":{"start":{"line":194,"column":6},"end":{"line":199,"column":7}},"type":"if","locations":[{"start":{"line":194,"column":6},"end":{"line":199,"column":7}},{"start":{"line":194,"column":6},"end":{"line":199,"column":7}}],"line":194}},"s":{"0":1,"1":6,"2":6,"3":6,"4":1,"5":6,"6":8,"7":8,"8":6,"9":1,"10":0,"11":0,"12":0,"13":0,"14":1,"15":0,"16":0,"17":0,"18":0,"19":1,"20":0,"21":0,"22":0,"23":0,"24":0,"25":0,"26":0,"27":0,"28":0,"29":0,"30":0,"31":0,"32":0,"33":0,"34":0,"35":0,"36":0,"37":1,"38":0,"39":0,"40":1,"41":0,"42":0,"43":1,"44":0,"45":0,"46":0,"47":0,"48":0,"49":1,"50":0,"51":0,"52":0,"53":0,"54":0,"55":0,"56":0,"57":0,"58":0,"59":0,"60":0,"61":0,"62":0,"63":0,"64":0,"65":0,"66":1,"67":0,"68":0,"69":0,"70":0,"71":0,"72":0,"73":0,"74":0,"75":0,"76":0,"77":0,"78":0,"79":0,"80":0,"81":0,"82":0,"83":0,"84":0,"85":1,"86":0,"87":0,"88":0,"89":0,"90":1,"91":0,"92":0,"93":0,"94":0,"95":0,"96":1,"97":0,"98":1,"99":0,"100":0,"101":0,"102":0,"103":0,"104":0,"105":0,"106":0,"107":0,"108":0,"109":1,"110":0,"111":0,"112":0,"113":0,"114":0,"115":1,"116":0,"117":0,"118":0,"119":0,"120":0,"121":0,"122":1,"123":0,"124":0,"125":0,"126":0,"127":0,"128":0,"129":0,"130":1,"131":0,"132":0,"133":0,"134":0,"135":0,"136":0,"137":0,"138":0,"139":0,"140":0,"141":1,"142":2,"143":2,"144":2,"145":2,"146":2,"147":2,"148":2,"149":5,"150":10,"151":5,"152":2,"153":1},"f":{"0":6,"1":0,"2":0,"3":0,"4":0,"5":0,"6":0,"7":0,"8":0,"9":0,"10":0,"11":0,"12":0,"13":0,"14":0,"15":0,"16":0,"17":0,"18":0,"19":2,"20":10},"b":{"0":[1],"1":[1,5],"2":[14,10,9],"3":[0,0,0,0,0,0],"4":[0,0],"5":[0,0],"6":[0,0],"7":[0,0],"8":[0],"9":[0],"10":[0],"11":[0],"12":[0,0],"13":[0,0],"14":[0,0],"15":[0,0],"16":[0,0],"17":[0,0],"18":[0,0],"19":[0,0],"20":[0,0],"21":[0,0],"22":[0,0],"23":[0,0],"24":[0,0],"25":[0,0],"26":[0,0],"27":[0,0],"28":[0,0],"29":[0,0],"30":[0,0],"31":[0,0],"32":[0,0],"33":[0,0],"34":[0],"35":[0,0],"36":[0,0],"37":[0,0],"38":[0,0],"39":[0,0]},"_coverageSchema":"1a1c01bbd47fc00a2c39e90264f33305004495a9","hash":"b5c49604bba1a6a699c9bb884eba672e7278b2bf"}
}
