TN:
SF:magicalWord.js
FN:1,makeMagicalWord
FNF:1
FNH:1
FNDA:2,makeMagicalWord
DA:5,2
DA:6,2
DA:8,2
DA:9,3
DA:10,3
DA:11,0
DA:12,3
DA:13,0
DA:14,0
DA:15,0
DA:16,0
DA:17,0
DA:18,0
DA:21,3
DA:22,3
DA:23,3
DA:24,0
DA:25,3
DA:26,2
DA:28,1
DA:32,1
DA:35,1
DA:37,1
DA:38,1
LF:24
LH:16
BRDA:10,0,0,0
BRDA:10,0,1,3
BRDA:12,1,0,0
BRDA:12,1,1,3
BRDA:15,2,0,0
BRDA:15,2,1,0
BRDA:15,3,0,0
BRDA:15,3,1,0
BRDA:17,4,0,0
BRDA:17,4,1,0
BRDA:23,5,0,0
BRDA:23,5,1,3
BRDA:25,6,0,2
BRDA:25,6,1,1
BRF:14
BRH:5
end_of_record
