TN:
SF:lodashFunc.js
FN:1,(anonymous_0)
FN:17,(anonymous_1)
FN:19,(anonymous_2)
FN:23,(anonymous_3)
FN:31,(anonymous_4)
FN:32,(anonymous_5)
FN:58,(anonymous_6)
FN:63,(anonymous_7)
FN:68,(anonymous_8)
FN:77,(anonymous_9)
FN:101,(anonymous_10)
FN:121,(anonymous_11)
FN:129,(anonymous_12)
FN:137,(anonymous_13)
FN:141,(anonymous_14)
FN:156,(anonymous_15)
FN:165,(anonymous_16)
FN:177,(anonymous_17)
FN:190,(anonymous_18)
FN:207,(anonymous_19)
FN:215,(anonymous_20)
FNF:21
FNH:3
FNDA:6,(anonymous_0)
FNDA:0,(anonymous_1)
FNDA:0,(anonymous_2)
FNDA:0,(anonymous_3)
FNDA:0,(anonymous_4)
FNDA:0,(anonymous_5)
FNDA:0,(anonymous_6)
FNDA:0,(anonymous_7)
FNDA:0,(anonymous_8)
FNDA:0,(anonymous_9)
FNDA:0,(anonymous_10)
FNDA:0,(anonymous_11)
FNDA:0,(anonymous_12)
FNDA:0,(anonymous_13)
FNDA:0,(anonymous_14)
FNDA:0,(anonymous_15)
FNDA:0,(anonymous_16)
FNDA:0,(anonymous_17)
FNDA:0,(anonymous_18)
FNDA:2,(anonymous_19)
FNDA:10,(anonymous_20)
DA:1,1
DA:2,6
DA:3,6
DA:4,6
DA:5,1
DA:8,6
DA:9,8
DA:10,8
DA:13,6
DA:17,1
DA:18,0
DA:19,0
DA:20,0
DA:23,1
DA:24,0
DA:25,0
DA:26,0
DA:28,0
DA:31,1
DA:32,0
DA:33,0
DA:34,0
DA:35,0
DA:38,0
DA:39,0
DA:40,0
DA:41,0
DA:44,0
DA:45,0
DA:46,0
DA:47,0
DA:48,0
DA:49,0
DA:52,0
DA:55,0
DA:58,1
DA:59,0
DA:60,0
DA:63,1
DA:64,0
DA:65,0
DA:68,1
DA:69,0
DA:70,0
DA:71,0
DA:72,0
DA:74,0
DA:77,1
DA:78,0
DA:79,0
DA:80,0
DA:81,0
DA:83,0
DA:84,0
DA:85,0
DA:87,0
DA:88,0
DA:89,0
DA:90,0
DA:91,0
DA:93,0
DA:94,0
DA:95,0
DA:101,1
DA:102,0
DA:103,0
DA:104,0
DA:105,0
DA:107,0
DA:108,0
DA:109,0
DA:110,0
DA:111,0
DA:112,0
DA:113,0
DA:114,0
DA:115,0
DA:117,0
DA:121,1
DA:122,0
DA:123,0
DA:124,0
DA:126,0
DA:129,1
DA:130,0
DA:131,0
DA:132,0
DA:134,0
DA:137,1
DA:138,0
DA:141,1
DA:142,0
DA:143,0
DA:144,0
DA:145,0
DA:146,0
DA:149,0
DA:150,0
DA:151,0
DA:153,0
DA:156,1
DA:157,0
DA:158,0
DA:159,0
DA:160,0
DA:162,0
DA:165,1
DA:166,0
DA:167,0
DA:168,0
DA:169,0
DA:171,0
DA:174,0
DA:177,1
DA:178,0
DA:179,0
DA:180,0
DA:181,0
DA:182,0
DA:184,0
DA:187,0
DA:190,1
DA:191,0
DA:192,0
DA:193,0
DA:194,0
DA:195,0
DA:196,0
DA:198,0
DA:201,0
DA:204,0
DA:207,1
DA:208,2
DA:209,2
DA:211,2
DA:212,2
DA:213,2
DA:214,2
DA:215,10
DA:216,5
DA:218,2
DA:221,1
LF:142
LH:36
BRDA:1,0,0,1
BRDA:4,1,0,1
BRDA:4,1,1,5
BRDA:8,2,0,14
BRDA:8,2,1,10
BRDA:8,2,2,9
BRDA:19,3,0,0
BRDA:19,3,1,0
BRDA:19,3,2,0
BRDA:19,3,3,0
BRDA:19,3,4,0
BRDA:19,3,5,0
BRDA:26,4,0,0
BRDA:26,4,1,0
BRDA:33,5,0,0
BRDA:33,5,1,0
BRDA:40,6,0,0
BRDA:40,6,1,0
BRDA:46,7,0,0
BRDA:46,7,1,0
BRDA:58,8,0,0
BRDA:63,9,0,0
BRDA:68,10,0,0
BRDA:68,11,0,0
BRDA:79,12,0,0
BRDA:79,12,1,0
BRDA:80,13,0,0
BRDA:80,13,1,0
BRDA:83,14,0,0
BRDA:83,14,1,0
BRDA:84,15,0,0
BRDA:84,15,1,0
BRDA:87,16,0,0
BRDA:87,16,1,0
BRDA:87,17,0,0
BRDA:87,17,1,0
BRDA:88,18,0,0
BRDA:88,18,1,0
BRDA:89,19,0,0
BRDA:89,19,1,0
BRDA:90,20,0,0
BRDA:90,20,1,0
BRDA:93,21,0,0
BRDA:93,21,1,0
BRDA:94,22,0,0
BRDA:94,22,1,0
BRDA:103,23,0,0
BRDA:103,23,1,0
BRDA:104,24,0,0
BRDA:104,24,1,0
BRDA:107,25,0,0
BRDA:107,25,1,0
BRDA:108,26,0,0
BRDA:108,26,1,0
BRDA:109,27,0,0
BRDA:109,27,1,0
BRDA:109,28,0,0
BRDA:109,28,1,0
BRDA:110,29,0,0
BRDA:110,29,1,0
BRDA:111,30,0,0
BRDA:111,30,1,0
BRDA:112,31,0,0
BRDA:112,31,1,0
BRDA:113,32,0,0
BRDA:113,32,1,0
BRDA:114,33,0,0
BRDA:114,33,1,0
BRDA:137,34,0,0
BRDA:145,35,0,0
BRDA:145,35,1,0
BRDA:168,36,0,0
BRDA:168,36,1,0
BRDA:180,37,0,0
BRDA:180,37,1,0
BRDA:193,38,0,0
BRDA:193,38,1,0
BRDA:194,39,0,0
BRDA:194,39,1,0
BRF:79
BRH:6
end_of_record
